Started by user [8mha:////4CnjxJS+d/ZcfbKT3j/yag4zrApPKLPdWDUxtpenscYpAAAAmB+LCAAAAAAAAP9b85aBtbiIQTGjNKU4P08vOT+vOD8nVc83PyU1x6OyILUoJzMv2y+/JJUBAhiZGBgqihhk0NSjKDWzXb3RdlLBUSYGJk8GtpzUvPSSDB8G5tKinBIGIZ+sxLJE/ZzEvHT94JKizLx0a6BxUmjGOUNodHsLgAyeEgYe/dLi1CL99IKi1Nx8AOOmWbvBAAAA[0mGarret Premo
Checking out git https://github.com/gpremo-re/dummy-app.git into /var/jenkins_home/jobs/build/jobs/build-all/workspace@script/2fc50c7c729dfef37b9925157809542af917f2a40a9d58b239b7a49002e2477e to read jenkins/jobs/build/Jenkinsfile
The recommended git tool is: NONE
No credentials specified
 > git rev-parse --resolve-git-dir /var/jenkins_home/jobs/build/jobs/build-all/workspace@script/2fc50c7c729dfef37b9925157809542af917f2a40a9d58b239b7a49002e2477e/.git # timeout=10
Fetching changes from the remote Git repository
 > git config remote.origin.url https://github.com/gpremo-re/dummy-app.git # timeout=10
Fetching upstream changes from https://github.com/gpremo-re/dummy-app.git
 > git --version # timeout=10
 > git --version # 'git version 2.39.2'
 > git fetch --tags --force --progress -- https://github.com/gpremo-re/dummy-app.git +refs/heads/*:refs/remotes/origin/* # timeout=10
 > git rev-parse origin/main^{commit} # timeout=10
Checking out Revision 7a32d6036d147d7e6599c642151b6edb0774ea90 (origin/main)
 > git config core.sparsecheckout # timeout=10
 > git checkout -f 7a32d6036d147d7e6599c642151b6edb0774ea90 # timeout=10
Commit message: "update archiveArtifacts syntax"
 > git rev-list --no-walk 1977721f83414f3deb8bd922efc7b362339486b8 # timeout=10
org.codehaus.groovy.control.MultipleCompilationErrorsException: startup failed:
WorkflowScript: 48: Invalid parameter "target", did you mean "artifacts"? @ line 48, column 69.
   rtifacts: 'build/libs/*.jar', target: '.
                                 ^

WorkflowScript: 49: Invalid parameter "target", did you mean "artifacts"? @ line 49, column 80.
   build/resolvedMainClassName', target: '.
                                 ^

2 errors

	at org.codehaus.groovy.control.ErrorCollector.failIfErrors(ErrorCollector.java:309)
	at org.codehaus.groovy.control.CompilationUnit.applyToPrimaryClassNodes(CompilationUnit.java:1107)
	at org.codehaus.groovy.control.CompilationUnit.doPhaseOperation(CompilationUnit.java:624)
	at org.codehaus.groovy.control.CompilationUnit.processPhaseOperations(CompilationUnit.java:602)
	at org.codehaus.groovy.control.CompilationUnit.compile(CompilationUnit.java:579)
	at groovy.lang.GroovyClassLoader.doParseClass(GroovyClassLoader.java:323)
	at groovy.lang.GroovyClassLoader.parseClass(GroovyClassLoader.java:293)
	at org.jenkinsci.plugins.scriptsecurity.sandbox.groovy.GroovySandbox$Scope.parse(GroovySandbox.java:163)
	at org.jenkinsci.plugins.workflow.cps.CpsGroovyShell.doParse(CpsGroovyShell.java:190)
	at org.jenkinsci.plugins.workflow.cps.CpsGroovyShell.reparse(CpsGroovyShell.java:175)
	at org.jenkinsci.plugins.workflow.cps.CpsFlowExecution.parseScript(CpsFlowExecution.java:635)
	at org.jenkinsci.plugins.workflow.cps.CpsFlowExecution.start(CpsFlowExecution.java:581)
	at org.jenkinsci.plugins.workflow.job.WorkflowRun.run(WorkflowRun.java:335)
	at hudson.model.ResourceController.execute(ResourceController.java:101)
	at hudson.model.Executor.run(Executor.java:442)
Finished: FAILURE
